Feb-07 17:10:48.327 [main] DEBUG nextflow.cli.Launcher - $> /home/mmart59/miniconda3/envs/dip/bin/nextflow run -c ../Influenza-virus-DI-identification-pipeline/new-config-files/2014_2015_h3n2.conf ../Influenza-virus-DI-identification-pipeline/full-pipeline-customizable-mm.nf
Feb-07 17:10:48.605 [main] INFO  nextflow.cli.CmdRun - N E X T F L O W  ~  version 0.24.2
Feb-07 17:10:48.630 [main] INFO  nextflow.cli.CmdRun - Launching `../Influenza-virus-DI-identification-pipeline/full-pipeline-customizable-mm.nf` [elegant_euclid] - revision: 6b13a93049
Feb-07 17:10:48.687 [main] DEBUG nextflow.config.ConfigBuilder - User config file: ../Influenza-virus-DI-identification-pipeline/new-config-files/2014_2015_h3n2.conf
Feb-07 17:10:48.688 [main] DEBUG nextflow.config.ConfigBuilder - Parsing config file: /projects/GII4evolution/mmartin/Influenza-virus-DI-identification-pipeline/new-config-files/2014_2015_h3n2.conf
Feb-07 17:10:49.011 [main] DEBUG nextflow.config.ConfigBuilder - Setting config profile: 'standard'
Feb-07 17:10:49.117 [main] DEBUG nextflow.Session - Session uuid: a30eb8b3-3154-4356-95cc-7862aea1c45c
Feb-07 17:10:49.117 [main] DEBUG nextflow.Session - Run name: elegant_euclid
Feb-07 17:10:49.118 [main] DEBUG nextflow.Session - Executor pool size: 2
Feb-07 17:10:49.151 [main] DEBUG nextflow.cli.CmdRun - 
  Version: 0.24.2 build 4271
  Modified: 05-04-2017 16:50 UTC (12:50 EDT)
  System: Linux 4.18.0-193.6.3.el8_2.x86_64
  Runtime: Groovy 2.4.10 on OpenJDK 64-Bit Server VM 1.8.0_152-release-1056-b12
  Encoding: UTF-8 (UTF-8)
  Process: 194585@node23 [192.168.0.23]
  CPUs: 1 - Mem: 187.6 GB (89.4 GB) - Swap: 32 GB (1,016.1 MB)
Feb-07 17:10:49.188 [main] DEBUG nextflow.Session - Work-dir: /projects/GII4evolution/mmartin/Influenza-virus-DI-identification-pipeline/work [panfs]
Feb-07 17:10:49.188 [main] DEBUG nextflow.Session - Script base path does not exist or is not a directory: /projects/GII4evolution/mmartin/Influenza-virus-DI-identification-pipeline/bin
Feb-07 17:10:49.364 [main] DEBUG nextflow.Session - Session start invoked
Feb-07 17:10:49.366 [main] DEBUG nextflow.processor.TaskDispatcher - Dispatcher > start
Feb-07 17:10:49.367 [main] DEBUG nextflow.script.ScriptRunner - > Script parsing
Feb-07 17:10:49.586 [main] DEBUG nextflow.script.ScriptRunner - > Launching execution
Feb-07 17:10:49.601 [main] DEBUG nextflow.Channel - files for syntax: glob; folder: /projects/GII4evolution/mmartin/influenza_dvg_mccrone/data/; pattern: *_{1,2}.fastq; options: [:]
Feb-07 17:10:49.848 [main] DEBUG nextflow.processor.ProcessFactory - << taskConfig executor: local
Feb-07 17:10:49.848 [main] DEBUG nextflow.processor.ProcessFactory - >> processorType: 'local'
Feb-07 17:10:49.864 [main] DEBUG nextflow.executor.Executor - Initializing executor: local
Feb-07 17:10:49.981 [main] INFO  nextflow.executor.Executor - [warm up] executor > local
Feb-07 17:10:49.984 [main] DEBUG n.processor.LocalPollingMonitor - Creating local task monitor for executor 'local' > cpus=1; memory=187.6 GB; capacity=1; pollInterval=100ms; dumpInterval=5m
Feb-07 17:10:49.986 [main] DEBUG nextflow.processor.TaskDispatcher - Starting monitor: LocalPollingMonitor
Feb-07 17:10:49.986 [main] DEBUG n.processor.TaskPollingMonitor - >>> barrier register (monitor: local)
Feb-07 17:10:50.009 [main] DEBUG nextflow.executor.Executor - Invoke register for executor: local
Feb-07 17:10:50.031 [main] DEBUG nextflow.Session - >>> barrier register (process: trimmomatic)
Feb-07 17:10:50.053 [main] DEBUG nextflow.processor.TaskProcessor - Creating operator > trimmomatic -- maxForks: 2
Feb-07 17:10:50.067 [main] DEBUG nextflow.script.ScriptRunner - > Await termination 
Feb-07 17:10:50.067 [main] DEBUG nextflow.Session - Session await
Feb-07 17:10:50.081 [Actor Thread 1] DEBUG nextflow.processor.TaskProcessor - <trimmomatic> Poison pill arrived
Feb-07 17:10:50.100 [Actor Thread 2] WARN  nextflow.script.ScriptBinding - Access to undefined parameter `trimVersion` -- Initialise it to a default value eg. `params.trimVersion = some_value`
Feb-07 17:10:50.107 [Actor Thread 4] DEBUG nextflow.processor.StateObj - <trimmomatic> State before poison: StateObj[submitted: 1; completed: 0; poisoned: false ]
Feb-07 17:10:50.423 [Actor Thread 2] INFO  nextflow.Session - [f7/7894b2] Submitted process > trimmomatic (1)
Feb-07 17:10:50.424 [Actor Thread 1] DEBUG nextflow.processor.TaskProcessor - <trimmomatic> After stop
Feb-07 17:10:50.754 [Thread-2] DEBUG nextflow.processor.TaskProcessor - Process `trimmomatic (1)` is unable to find [UnixPath]: `/projects/GII4evolution/mmartin/Influenza-virus-DI-identification-pipeline/work/f7/7894b23d127198df9c6c25b800f2db/SRR6121459_1.qualtrim.paired.fastq` (pattern: `SRR6121459_1.qualtrim.paired.fastq`)
Feb-07 17:10:50.807 [Thread-2] ERROR nextflow.processor.TaskProcessor - Error executing process > 'trimmomatic (1)'

Caused by:
  Missing output file(s) `SRR6121459_1.qualtrim.paired.fastq` expected by process `trimmomatic (1)`

Command executed:

  java -jar $EBROOTTRIMMOMATIC/trimmomatic-null.jar PE     -threads 1 -phred33 SRR6121459_1.fastq SRR6121459_2.fastq     SRR6121459_1.qualtrim.paired.fastq SRR6121459_1.qualtrim.unpaired.fastq     SRR6121459_2.qualtrim.paired.fastq SRR6121459_2.qualtrim.unpaired.fastq     ILLUMINACLIP:$EBROOTTRIMMOMATIC/adapters/TruSeq3-PE-2.fa:2:15:10 SLIDINGWINDOW:3:20 LEADING:28 TRAILING:28 MINLEN:75

Command exit status:
  1

Command output:
  (empty)

Command error:
  .command.sh: line 2: EBROOTTRIMMOMATIC: unbound variable

Work dir:
  /projects/GII4evolution/mmartin/Influenza-virus-DI-identification-pipeline/work/f7/7894b23d127198df9c6c25b800f2db

Tip: you can replicate the issue by changing to the process work dir and entering the command `bash .command.run`
Feb-07 17:10:50.811 [Actor Thread 4] DEBUG nextflow.processor.TaskProcessor - <trimmomatic> Sending poison pills and terminating process
Feb-07 17:10:50.812 [Actor Thread 4] DEBUG nextflow.Session - <<< barrier arrive (process: trimmomatic)
Feb-07 17:10:50.825 [Thread-2] DEBUG nextflow.Session - Session aborted -- Cause: Missing output file(s) `SRR6121459_1.qualtrim.paired.fastq` expected by process `trimmomatic (1)`
Feb-07 17:10:50.827 [Thread-2] DEBUG n.processor.TaskPollingMonitor - <<< barrier arrives (monitor: local)
Feb-07 17:10:50.827 [main] DEBUG nextflow.Session - Session await > all process finished
Feb-07 17:10:50.827 [main] DEBUG nextflow.Session - Session await > all barriers passed
Feb-07 17:10:50.983 [main] DEBUG nextflow.CacheDB - Closing CacheDB done
Feb-07 17:10:51.033 [main] DEBUG nextflow.script.ScriptRunner - > Execution complete -- Goodbye
